2023-03-21 00:06:49.910  INFO 3124 --- [restartedMain] c.e.votingapp.VotingAppApplication       : Starting VotingAppApplication using Java 18.0.2.1 on DESKTOP-M6NP5L4 with PID 3124 (C:\Users\hp\Desktop\Tushar class VVIMP\bridgelabz\Spring\Voting-App\target\classes started by hp in C:\Users\hp\Desktop\Tushar class VVIMP\bridgelabz\Spring\Voting-App)
2023-03-21 00:06:49.918  INFO 3124 --- [restartedMain] c.e.votingapp.VotingAppApplication       : No active profile set, falling back to 1 default profile: "default"
2023-03-21 00:06:50.061  INFO 3124 --- [restartedMain] .e.DevToolsPropertyDefaultsPostProcessor : Devtools property defaults active! Set 'spring.devtools.add-properties' to 'false' to disable
2023-03-21 00:06:50.062  INFO 3124 --- [restartedMain] .e.DevToolsPropertyDefaultsPostProcessor : For additional web related logging consider setting the 'logging.level.web' property to 'DEBUG'
2023-03-21 00:06:51.038  INFO 3124 --- [restartedMain] .s.d.r.c.RepositoryConfigurationDelegate : Bootstrapping Spring Data JPA repositories in DEFAULT mode.
2023-03-21 00:06:51.126  INFO 3124 --- [restartedMain] .s.d.r.c.RepositoryConfigurationDelegate : Finished Spring Data repository scanning in 72 ms. Found 3 JPA repository interfaces.
2023-03-21 00:06:51.980  INFO 3124 --- [restartedMain] o.s.b.w.embedded.tomcat.TomcatWebServer  : Tomcat initialized with port(s): 8081 (http)
2023-03-21 00:06:51.994  INFO 3124 --- [restartedMain] o.apache.catalina.core.StandardService   : Starting service [Tomcat]
2023-03-21 00:06:51.995  INFO 3124 --- [restartedMain] org.apache.catalina.core.StandardEngine  : Starting Servlet engine: [Apache Tomcat/9.0.69]
2023-03-21 00:06:52.121  INFO 3124 --- [restartedMain] o.a.c.c.C.[Tomcat].[localhost].[/]       : Initializing Spring embedded WebApplicationContext
2023-03-21 00:06:52.122  INFO 3124 --- [restartedMain] w.s.c.ServletWebServerApplicationContext : Root WebApplicationContext: initialization completed in 2059 ms
2023-03-21 00:06:52.373  INFO 3124 --- [restartedMain] o.hibernate.jpa.internal.util.LogHelper  : HHH000204: Processing PersistenceUnitInfo [name: default]
2023-03-21 00:06:52.458  INFO 3124 --- [restartedMain] org.hibernate.Version                    : HHH000412: Hibernate ORM core version 5.6.14.Final
2023-03-21 00:06:52.703  INFO 3124 --- [restartedMain] o.hibernate.annotations.common.Version   : HCANN000001: Hibernate Commons Annotations {5.1.2.Final}
2023-03-21 00:06:52.863  INFO 3124 --- [restartedMain] com.zaxxer.hikari.HikariDataSource       : HikariPool-1 - Starting...
2023-03-21 00:06:53.756  INFO 3124 --- [restartedMain] com.zaxxer.hikari.HikariDataSource       : HikariPool-1 - Start completed.
2023-03-21 00:06:53.805  INFO 3124 --- [restartedMain] org.hibernate.dialect.Dialect            : HHH000400: Using dialect: org.hibernate.dialect.MySQL8Dialect
2023-03-21 00:06:54.891  INFO 3124 --- [restartedMain] o.h.e.t.j.p.i.JtaPlatformInitiator       : HHH000490: Using JtaPlatform implementation: [org.hibernate.engine.transaction.jta.platform.internal.NoJtaPlatform]
2023-03-21 00:06:54.902  INFO 3124 --- [restartedMain] j.LocalContainerEntityManagerFactoryBean : Initialized JPA EntityManagerFactory for persistence unit 'default'
2023-03-21 00:06:55.348  WARN 3124 --- [restartedMain] JpaBaseConfiguration$JpaWebConfiguration : spring.jpa.open-in-view is enabled by default. Therefore, database queries may be performed during view rendering. Explicitly configure spring.jpa.open-in-view to disable this warning
2023-03-21 00:06:55.716  INFO 3124 --- [restartedMain] o.s.b.d.a.OptionalLiveReloadServer       : LiveReload server is running on port 35729
2023-03-21 00:06:55.766  INFO 3124 --- [restartedMain] o.s.b.w.embedded.tomcat.TomcatWebServer  : Tomcat started on port(s): 8081 (http) with context path ''
2023-03-21 00:06:55.778  INFO 3124 --- [restartedMain] c.e.votingapp.VotingAppApplication       : Started VotingAppApplication in 6.769 seconds (JVM running for 8.974)
